Determining if the pthread_create exist failed with the following output:
Change Dir: /home/elwingh/CLionProjects/automate/build/CMakeFiles/CMakeTmp

Run Build Command:"/usr/bin/make" "cmTC_1c60b/fast"
/usr/bin/make -f CMakeFiles/cmTC_1c60b.dir/build.make CMakeFiles/cmTC_1c60b.dir/build
make[1] : on entre dans le répertoire « /home/elwingh/CLionProjects/automate/build/CMakeFiles/CMakeTmp »
Building C object CMakeFiles/cmTC_1c60b.dir/CheckSymbolExists.c.o
/usr/bin/cc    -o CMakeFiles/cmTC_1c60b.dir/CheckSymbolExists.c.o   -c /home/elwingh/CLionProjects/automate/build/CMakeFiles/CMakeTmp/CheckSymbolExists.c
Linking C executable cmTC_1c60b
/home/elwingh/.local/share/JetBrains/Toolbox/apps/CLion/ch-0/182.5107.21/bin/cmake/linux/bin/cmake -E cmake_link_script CMakeFiles/cmTC_1c60b.dir/link.txt --verbose=1
/usr/bin/cc      -rdynamic CMakeFiles/cmTC_1c60b.dir/CheckSymbolExists.c.o  -o cmTC_1c60b 
CMakeFiles/cmTC_1c60b.dir/CheckSymbolExists.c.o : Dans la fonction « main » :
CheckSymbolExists.c:(.text+0x1b) : référence indéfinie vers « pthread_create »
collect2: error: ld returned 1 exit status
CMakeFiles/cmTC_1c60b.dir/build.make:86: recipe for target 'cmTC_1c60b' failed
make[1]: *** [cmTC_1c60b] Error 1
make[1] : on quitte le répertoire « /home/elwingh/CLionProjects/automate/build/CMakeFiles/CMakeTmp »
Makefile:121: recipe for target 'cmTC_1c60b/fast' failed
make: *** [cmTC_1c60b/fast] Error 2

File /home/elwingh/CLionProjects/automate/build/CMakeFiles/CMakeTmp/CheckSymbolExists.c:
/* */
#include <pthread.h>

int main(int argc, char** argv)
{
  (void)argv;
#ifndef pthread_create
  return ((int*)(&pthread_create))[argc];
#else
  (void)argc;
  return 0;
#endif
}

Determining if the function pthread_create exists in the pthreads failed with the following output:
Change Dir: /home/elwingh/CLionProjects/automate/build/CMakeFiles/CMakeTmp

Run Build Command:"/usr/bin/make" "cmTC_b30fa/fast"
/usr/bin/make -f CMakeFiles/cmTC_b30fa.dir/build.make CMakeFiles/cmTC_b30fa.dir/build
make[1] : on entre dans le répertoire « /home/elwingh/CLionProjects/automate/build/CMakeFiles/CMakeTmp »
Building C object CMakeFiles/cmTC_b30fa.dir/CheckFunctionExists.c.o
/usr/bin/cc   -DCHECK_FUNCTION_EXISTS=pthread_create   -o CMakeFiles/cmTC_b30fa.dir/CheckFunctionExists.c.o   -c /home/elwingh/.local/share/JetBrains/Toolbox/apps/CLion/ch-0/182.5107.21/bin/cmake/linux/share/cmake-3.12/Modules/CheckFunctionExists.c
Linking C executable cmTC_b30fa
/home/elwingh/.local/share/JetBrains/Toolbox/apps/CLion/ch-0/182.5107.21/bin/cmake/linux/bin/cmake -E cmake_link_script CMakeFiles/cmTC_b30fa.dir/link.txt --verbose=1
/usr/bin/cc  -DCHECK_FUNCTION_EXISTS=pthread_create    -rdynamic CMakeFiles/cmTC_b30fa.dir/CheckFunctionExists.c.o  -o cmTC_b30fa -lpthreads 
/usr/bin/ld : ne peut trouver -lpthreads
collect2: error: ld returned 1 exit status
CMakeFiles/cmTC_b30fa.dir/build.make:86: recipe for target 'cmTC_b30fa' failed
make[1]: *** [cmTC_b30fa] Error 1
make[1] : on quitte le répertoire « /home/elwingh/CLionProjects/automate/build/CMakeFiles/CMakeTmp »
Makefile:121: recipe for target 'cmTC_b30fa/fast' failed
make: *** [cmTC_b30fa/fast] Error 2


